<?xml version="1.0" encoding="utf-8" standalone="no"?>
<!--This file represents the results of running a test suite-->
<test-results name="C:\Users\tom\Desktop\proj\effort\Main\Source\Effort.Test\bin\Release(ef6,net45)\Effort.Test.dll" total="357" errors="0" failures="0" not-run="0" inconclusive="0" ignored="0" skipped="0" invalid="0" date="2015-05-31" time="23:42:38">
  <environment nunit-version="2.6.3.13283" clr-version="2.0.50727.8009" os-version="Microsoft Windows NT 6.2.9200.0" platform="Win32NT" cwd="C:\Users\tom\Desktop\proj\effort\Main\Build" machine-name="TAMAS-PC" user="tom" user-domain="TAMAS-PC" />
  <culture-info current-culture="hu-HU" current-uiculture="en-US" />
  <test-suite type="Assembly" name="C:\Users\tom\Desktop\proj\effort\Main\Source\Effort.Test\bin\Release(ef6,net45)\Effort.Test.dll" executed="True" result="Success" success="True" time="27.328" asserts="0">
    <results>
      <test-suite type="Namespace" name="Effort" executed="True" result="Success" success="True" time="27.312" asserts="0">
        <results>
          <test-suite type="SetUpFixture" name="Test" executed="True" result="Success" success="True" time="27.310" asserts="0">
            <results>
              <test-suite type="Namespace" name="Csv" executed="True" result="Success" success="True" time="0.144" asserts="0">
                <results>
                  <test-suite type="TestFixture" name="CsvReaderFixture" executed="True" result="Success" success="True" time="0.124" asserts="0">
                    <results>
                      <test-case name="Effort.Test.Csv.CsvReaderFixture.CsvReader_EmptyVsNull1" executed="True" result="Success" success="True" time="0.099" asserts="0" />
                      <test-case name="Effort.Test.Csv.CsvReaderFixture.CsvReader_EmptyVsNull2" executed="True" result="Success" success="True" time="0.001" asserts="0" />
                      <test-case name="Effort.Test.Csv.CsvReaderFixture.CsvReader_EmptyVsNull3" executed="True" result="Success" success="True" time="0.001" asserts="0" />
                      <test-case name="Effort.Test.Csv.CsvReaderFixture.CsvReader_EmptyVsNull4" executed="True" result="Success" success="True" time="0.002" asserts="0" />
                      <test-case name="Effort.Test.Csv.CsvReaderFixture.CsvReader_EmptyVsNull5" executed="True" result="Success" success="True" time="0.001" asserts="0" />
                      <test-case name="Effort.Test.Csv.CsvReaderFixture.CsvReader_Read1" executed="True" result="Success" success="True" time="0.001" asserts="0" />
                    </results>
                  </test-suite>
                  <test-suite type="TestFixture" name="FieldValueFixture" executed="True" result="Success" success="True" time="0.014" asserts="0">
                    <results>
                      <test-case name="Effort.Test.Csv.FieldValueFixture.DefaultFieldValue" executed="True" result="Success" success="True" time="0.001" asserts="0" />
                      <test-case name="Effort.Test.Csv.FieldValueFixture.MissingFieldAndStringAddition" executed="True" result="Success" success="True" time="0.002" asserts="0" />
                      <test-case name="Effort.Test.Csv.FieldValueFixture.MissingFieldAndStringAddition2" executed="True" result="Success" success="True" time="0.002" asserts="0" />
                      <test-case name="Effort.Test.Csv.FieldValueFixture.MissingFieldValue" executed="True" result="Success" success="True" time="0.001" asserts="0" />
                      <test-case name="Effort.Test.Csv.FieldValueFixture.MissingFieldValueEvaluation" executed="True" result="Success" success="True" time="0.004" asserts="0" />
                      <test-case name="Effort.Test.Csv.FieldValueFixture.NullValuedFieldValue" executed="True" result="Success" success="True" time="0.001" asserts="0" />
                      <test-case name="Effort.Test.Csv.FieldValueFixture.ValuedFieldValue" executed="True" result="Success" success="True" time="0.001" asserts="0" />
                    </results>
                  </test-suite>
                </results>
              </test-suite>
              <test-suite type="Namespace" name="DatabaseEngine" executed="True" result="Success" success="True" time="0.278" asserts="0">
                <results>
                  <test-suite type="TestFixture" name="DataRowFactoryFixture" executed="True" result="Success" success="True" time="0.278" asserts="0">
                    <results>
                      <test-case name="Effort.Test.DatabaseEngine.DataRowFactoryFixture.DataRow_annotated_with_LargeDataRowAttribute_if_it_has_many_properties" executed="True" result="Success" success="True" time="0.064" asserts="0" />
                      <test-case name="Effort.Test.DatabaseEngine.DataRowFactoryFixture.DataRow_DataRowProperty_attribute_Index_property" executed="True" result="Success" success="True" time="0.011" asserts="0" />
                      <test-case name="Effort.Test.DatabaseEngine.DataRowFactoryFixture.DataRow_Equal_method" executed="True" result="Success" success="True" time="0.006" asserts="0" />
                      <test-case name="Effort.Test.DatabaseEngine.DataRowFactoryFixture.DataRow_GetHashCode_should_result_in_same_value" executed="True" result="Success" success="True" time="0.002" asserts="0" />
                      <test-case name="Effort.Test.DatabaseEngine.DataRowFactoryFixture.DataRow_GetValue_method" executed="True" result="Success" success="True" time="0.003" asserts="0" />
                      <test-case name="Effort.Test.DatabaseEngine.DataRowFactoryFixture.DataRow_large" executed="True" result="Success" success="True" time="0.010" asserts="0" />
                      <test-case name="Effort.Test.DatabaseEngine.DataRowFactoryFixture.DataRow_larger_than_127" executed="True" result="Success" success="True" time="0.036" asserts="0" />
                      <test-case name="Effort.Test.DatabaseEngine.DataRowFactoryFixture.DataRow_same_definition_should_result_in_same_type" executed="True" result="Success" success="True" time="0.003" asserts="0" />
                      <test-case name="Effort.Test.DatabaseEngine.DataRowFactoryFixture.DataRow_very_large" executed="True" result="Success" success="True" time="0.139" asserts="0" />
                    </results>
                  </test-suite>
                </results>
              </test-suite>
              <test-suite type="Namespace" name="DataLoaders" executed="True" result="Success" success="True" time="2.188" asserts="0">
                <results>
                  <test-suite type="TestFixture" name="CachingDataLoaderFixture" executed="True" result="Success" success="True" time="0.284" asserts="0">
                    <results>
                      <test-case name="Effort.Test.DataLoaders.CachingDataLoaderFixture.CachingDataLoader_Recreate" executed="True" result="Success" success="True" time="0.259" asserts="3" />
                      <test-case name="Effort.Test.DataLoaders.CachingDataLoaderFixture.CachingDataLoaderFactory_IgnoresLatch" executed="True" result="Success" success="True" time="0.009" asserts="1" />
                      <test-case name="Effort.Test.DataLoaders.CachingDataLoaderFixture.CachingDataLoaderFactory_InvokesLatch" executed="True" result="Success" success="True" time="0.008" asserts="6" />
                      <test-case name="Effort.Test.DataLoaders.CachingDataLoaderFixture.CachingDataLoaderFactory_MoreTablesMoreQuery" executed="True" result="Success" success="True" time="0.001" asserts="2" />
                      <test-case name="Effort.Test.DataLoaders.CachingDataLoaderFixture.CachingDataLoaderFactory_ReturnsSameData" executed="True" result="Success" success="True" time="0.003" asserts="1" />
                      <test-case name="Effort.Test.DataLoaders.CachingDataLoaderFixture.CachingDataLoaderFactory_SingleTablesSingleQuery" executed="True" result="Success" success="True" time="0.001" asserts="2" />
                    </results>
                  </test-suite>
                  <test-suite type="TestFixture" name="CsvDataLoaderFixture" executed="True" result="Success" success="True" time="0.066" asserts="0">
                    <results>
                      <test-case name="Effort.Test.DataLoaders.CsvDataLoaderFixture.CsvDataLoader_CarrageReturnStringConversion" executed="True" result="Success" success="True" time="0.003" asserts="0" />
                      <test-case name="Effort.Test.DataLoaders.CsvDataLoaderFixture.CsvDataLoader_DateTimeOffsetConversion" executed="True" result="Success" success="True" time="0.001" asserts="0" />
                      <test-case name="Effort.Test.DataLoaders.CsvDataLoaderFixture.CsvDataLoader_EmbeddedResource" executed="True" result="Success" success="True" time="0.042" asserts="0" />
                      <test-case name="Effort.Test.DataLoaders.CsvDataLoaderFixture.CsvDataLoader_EmbeddedResource_NotExisting" executed="True" result="Success" success="True" time="0.005" asserts="0" />
                      <test-case name="Effort.Test.DataLoaders.CsvDataLoaderFixture.CsvDataLoader_EmbeddedResource_NotExistingDirectory" executed="True" result="Success" success="True" time="0.001" asserts="0" />
                      <test-case name="Effort.Test.DataLoaders.CsvDataLoaderFixture.CsvDataLoader_EmptyStringConversion" executed="True" result="Success" success="True" time="0.001" asserts="0" />
                      <test-case name="Effort.Test.DataLoaders.CsvDataLoaderFixture.CsvDataLoader_EscapeStringConversion" executed="True" result="Success" success="True" time="0.001" asserts="0" />
                      <test-case name="Effort.Test.DataLoaders.CsvDataLoaderFixture.CsvDataLoader_GuidConversion" executed="True" result="Success" success="True" time="0.001" asserts="0" />
                      <test-case name="Effort.Test.DataLoaders.CsvDataLoaderFixture.CsvDataLoader_InvalidStringConversion" executed="True" result="Success" success="True" time="0.001" asserts="0" />
                      <test-case name="Effort.Test.DataLoaders.CsvDataLoaderFixture.CsvDataLoader_LineFeedStringConversion" executed="True" result="Success" success="True" time="0.001" asserts="0" />
                      <test-case name="Effort.Test.DataLoaders.CsvDataLoaderFixture.CsvDataLoader_NullStringConversion" executed="True" result="Success" success="True" time="0.001" asserts="0" />
                      <test-case name="Effort.Test.DataLoaders.CsvDataLoaderFixture.CsvDataLoader_TimespanConversion" executed="True" result="Success" success="True" time="0.001" asserts="0" />
                    </results>
                  </test-suite>
                  <test-suite type="TestFixture" name="EntityDataLoaderFixture" executed="True" result="Success" success="True" time="1.832" asserts="0">
                    <results>
                      <test-case name="Effort.Test.DataLoaders.EntityDataLoaderFixture.EntityDataLoader_CommandTreeBuilder" executed="True" result="Success" success="True" time="1.832" asserts="0" />
                    </results>
                  </test-suite>
                  <test-suite type="TestFixture" name="FileProviderFixture" executed="True" result="Success" success="True" time="0.002" asserts="0">
                    <results>
                      <test-case name="Effort.Test.DataLoaders.FileProviderFixture.ResourceFileProvider_FullPath" executed="True" result="Success" success="True" time="0.002" asserts="0" />
                    </results>
                  </test-suite>
                </results>
              </test-suite>
              <test-suite type="TestFixture" name="DataReaderInspectorFixture" executed="True" result="Success" success="True" time="3.400" asserts="0">
                <results>
                  <test-case name="Effort.Test.DataReaderInspectorFixture.DataReaderInspector_ResultSetComposerShouldReceiveCalls" executed="True" result="Success" success="True" time="3.400" asserts="2" />
                </results>
              </test-suite>
              <test-suite type="TestFixture" name="DbContextFixture" executed="True" result="Success" success="True" time="3.340" asserts="0">
                <results>
                  <test-case name="Effort.Test.DbContextFixture.DbContext_Create" executed="True" result="Success" success="True" time="1.566" asserts="2" />
                  <test-case name="Effort.Test.DbContextFixture.DbContext_DatabaseExists" executed="True" result="Success" success="True" time="0.096" asserts="2" />
                  <test-case name="Effort.Test.DbContextFixture.DbContext_Insert" executed="True" result="Success" success="True" time="0.017" asserts="1" />
                  <test-case name="Effort.Test.DbContextFixture.DbContext_Query" executed="True" result="Success" success="True" time="1.298" asserts="1" />
                  <test-case name="Effort.Test.DbContextFixture.DbContext_Remove" executed="True" result="Success" success="True" time="0.324" asserts="2" />
                  <test-case name="Effort.Test.DbContextFixture.DbContext_TableName" executed="True" result="Success" success="True" time="0.036" asserts="2" />
                </results>
              </test-suite>
              <test-suite type="TestFixture" name="DbManagerFixture" executed="True" result="Success" success="True" time="1.544" asserts="0">
                <results>
                  <test-case name="Effort.Test.DbManagerFixture.DbManager_ClearTables" executed="True" result="Success" success="True" time="1.203" asserts="0" />
                  <test-case name="Effort.Test.DbManagerFixture.DbManager_SetIdentityFields" executed="True" result="Success" success="True" time="0.340" asserts="2" />
                </results>
              </test-suite>
              <test-suite type="TestFixture" name="EffortConnectionFixture" executed="True" result="Success" success="True" time="0.006" asserts="0">
                <results>
                  <test-case name="Effort.Test.EffortConnectionFixture.transient_EffortConnection_should_normalize_connectionstring" executed="True" result="Success" success="True" time="0.003" asserts="0" />
                  <test-case name="Effort.Test.EffortConnectionFixture.transient_EffortConnection_should_unregister_container" executed="True" result="Success" success="True" time="0.001" asserts="0" />
                  <test-case name="Effort.Test.EffortConnectionFixture.transient_EffortConnection_should_unregister_container2" executed="True" result="Success" success="True" time="0.001" asserts="0" />
                </results>
              </test-suite>
              <test-suite type="TestFixture" name="EffortConnectionStringBuilderFixture" executed="True" result="Success" success="True" time="0.006" asserts="0">
                <results>
                  <test-case name="Effort.Test.EffortConnectionStringBuilderFixture.EffortConnectionStringBuilder_DataLoaderArgument" executed="True" result="Success" success="True" time="0.001" asserts="1" />
                  <test-case name="Effort.Test.EffortConnectionStringBuilderFixture.EffortConnectionStringBuilder_DataLoaderType" executed="True" result="Success" success="True" time="0.001" asserts="1" />
                  <test-case name="Effort.Test.EffortConnectionStringBuilderFixture.EffortConnectionStringBuilder_InstanceId" executed="True" result="Success" success="True" time="0.001" asserts="1" />
                  <test-case name="Effort.Test.EffortConnectionStringBuilderFixture.EffortConnectionStringBuilder_IsTransient" executed="True" result="Success" success="True" time="0.001" asserts="1" />
                  <test-case name="Effort.Test.EffortConnectionStringBuilderFixture.EffortConnectionStringBuilder_Normalize" executed="True" result="Success" success="True" time="0.001" asserts="2" />
                </results>
              </test-suite>
              <test-suite type="Namespace" name="Factories" executed="True" result="Success" success="True" time="0.135" asserts="0">
                <results>
                  <test-suite type="TestFixture" name="DbConnectionFactoryFixture" executed="True" result="Success" success="True" time="0.002" asserts="0">
                    <results>
                      <test-case name="Effort.Test.Factories.DbConnectionFactoryFixture.CsvDataProvider" executed="True" result="Success" success="True" time="0.002" asserts="0" />
                    </results>
                  </test-suite>
                  <test-suite type="TestFixture" name="EntityConnectionFactoryFixture" executed="True" result="Success" success="True" time="0.103" asserts="0">
                    <results>
                      <test-case name="Effort.Test.Factories.EntityConnectionFactoryFixture.EntityConnectionFactory_CreatePersistentEntityConnection" executed="True" result="Success" success="True" time="0.038" asserts="0" />
                      <test-case name="Effort.Test.Factories.EntityConnectionFactoryFixture.EntityConnectionFactory_CreateTransientEntityConnection" executed="True" result="Success" success="True" time="0.004" asserts="0" />
                      <test-case name="Effort.Test.Factories.EntityConnectionFactoryFixture.EntityConnectionFactory_CreateTransientEntityConnection_InitializesDataSchema" executed="True" result="Success" success="True" time="0.037" asserts="2" />
                      <test-case name="Effort.Test.Factories.EntityConnectionFactoryFixture.EntityConnectionFactory_ImplicitMetadata" executed="True" result="Success" success="True" time="0.021" asserts="0" />
                    </results>
                  </test-suite>
                  <test-suite type="TestFixture" name="ObjectContextFactoryFixture" executed="True" result="Success" success="True" time="0.027" asserts="0">
                    <results>
                      <test-case name="Effort.Test.Factories.ObjectContextFactoryFixture.ObjectContextFactory_CreatePersistent" executed="True" result="Success" success="True" time="0.015" asserts="0" />
                      <test-case name="Effort.Test.Factories.ObjectContextFactoryFixture.ObjectContextFactory_CreatePersistent_Default" executed="True" result="Success" success="True" time="0.004" asserts="0" />
                      <test-case name="Effort.Test.Factories.ObjectContextFactoryFixture.ObjectContextFactory_CreatePersistentType" executed="True" result="Success" success="True" time="0.001" asserts="0" />
                      <test-case name="Effort.Test.Factories.ObjectContextFactoryFixture.ObjectContextFactory_CreatePersistentType_Default" executed="True" result="Success" success="True" time="0.000" asserts="0" />
                      <test-case name="Effort.Test.Factories.ObjectContextFactoryFixture.ObjectContextFactory_CreateTransient" executed="True" result="Success" success="True" time="0.001" asserts="0" />
                      <test-case name="Effort.Test.Factories.ObjectContextFactoryFixture.ObjectContextFactory_CreateTransient_Default" executed="True" result="Success" success="True" time="0.001" asserts="0" />
                      <test-case name="Effort.Test.Factories.ObjectContextFactoryFixture.ObjectContextFactory_CreateTransientType" executed="True" result="Success" success="True" time="0.000" asserts="0" />
                      <test-case name="Effort.Test.Factories.ObjectContextFactoryFixture.ObjectContextFactory_CreateTransientType_Default" executed="True" result="Success" success="True" time="0.000" asserts="0" />
                    </results>
                  </test-suite>
                </results>
              </test-suite>
              <test-suite type="Namespace" name="Features" executed="True" result="Success" success="True" time="15.840" asserts="0">
                <results>
                  <test-suite type="TestFixture" name="AggregationFixture" executed="True" result="Success" success="True" time="2.612" asserts="0">
                    <results>
                      <test-case name="Effort.Test.Features.AggregationFixture.Average" executed="True" result="Success" success="True" time="0.367" asserts="1" />
                      <test-case name="Effort.Test.Features.AggregationFixture.Count" executed="True" result="Success" success="True" time="0.068" asserts="1" />
                      <test-case name="Effort.Test.Features.AggregationFixture.GroupByAndAverage" executed="True" result="Success" success="True" time="0.163" asserts="1" />
                      <test-case name="Effort.Test.Features.AggregationFixture.GroupByAndCount" executed="True" result="Success" success="True" time="0.073" asserts="1" />
                      <test-case name="Effort.Test.Features.AggregationFixture.GroupByAndMax" executed="True" result="Success" success="True" time="0.075" asserts="1" />
                      <test-case name="Effort.Test.Features.AggregationFixture.GroupByAndMin" executed="True" result="Success" success="True" time="0.075" asserts="1" />
                      <test-case name="Effort.Test.Features.AggregationFixture.Having" executed="True" result="Success" success="True" time="0.563" asserts="1" />
                      <test-case name="Effort.Test.Features.AggregationFixture.Max" executed="True" result="Success" success="True" time="0.064" asserts="1" />
                      <test-case name="Effort.Test.Features.AggregationFixture.Min" executed="True" result="Success" success="True" time="0.095" asserts="1" />
                      <test-case name="Effort.Test.Features.AggregationFixture.MultipleGroupByAggregation" executed="True" result="Success" success="True" time="0.101" asserts="1" />
                      <test-case name="Effort.Test.Features.AggregationFixture.MultipleNestedAggregation" executed="True" result="Success" success="True" time="0.320" asserts="1" />
                      <test-case name="Effort.Test.Features.AggregationFixture.NestedAverage" executed="True" result="Success" success="True" time="0.098" asserts="1" />
                      <test-case name="Effort.Test.Features.AggregationFixture.NestedCount" executed="True" result="Success" success="True" time="0.117" asserts="1" />
                      <test-case name="Effort.Test.Features.AggregationFixture.NestedMax" executed="True" result="Success" success="True" time="0.098" asserts="1" />
                      <test-case name="Effort.Test.Features.AggregationFixture.NestedMin" executed="True" result="Success" success="True" time="0.095" asserts="1" />
                      <test-case name="Effort.Test.Features.AggregationFixture.NestedSum" executed="True" result="Success" success="True" time="0.096" asserts="1" />
                      <test-case name="Effort.Test.Features.AggregationFixture.NullCollectionSum" executed="True" result="Success" success="True" time="0.067" asserts="1" />
                      <test-case name="Effort.Test.Features.AggregationFixture.Sum" executed="True" result="Success" success="True" time="0.064" asserts="1" />
                    </results>
                  </test-suite>
                  <test-suite type="TestFixture" name="AssociationFixture" executed="True" result="Success" success="True" time="0.089" asserts="0">
                    <results>
                      <test-case name="Effort.Test.Features.AssociationFixture.SingleFieldAssocitationEmpty" executed="True" result="Success" success="True" time="0.045" asserts="0" />
                      <test-case name="Effort.Test.Features.AssociationFixture.SingleFieldAssocitationValidation" executed="True" result="Success" success="True" time="0.043" asserts="1" />
                    </results>
                  </test-suite>
                  <test-suite type="TestFixture" name="BasicFixture" executed="True" result="Success" success="True" time="1.080" asserts="0">
                    <results>
                      <test-case name="Effort.Test.Features.BasicFixture.FindById" executed="True" result="Success" success="True" time="0.139" asserts="1" />
                      <test-case name="Effort.Test.Features.BasicFixture.FullTableScan" executed="True" result="Success" success="True" time="0.097" asserts="1" />
                      <test-case name="Effort.Test.Features.BasicFixture.NullableQueryParameter" executed="True" result="Success" success="True" time="0.096" asserts="1" />
                      <test-case name="Effort.Test.Features.BasicFixture.OrderBy" executed="True" result="Success" success="True" time="0.112" asserts="1" />
                      <test-case name="Effort.Test.Features.BasicFixture.Projection" executed="True" result="Success" success="True" time="0.065" asserts="1" />
                      <test-case name="Effort.Test.Features.BasicFixture.QueryParameter" executed="True" result="Success" success="True" time="0.097" asserts="1" />
                      <test-case name="Effort.Test.Features.BasicFixture.QueryParameterChange" executed="True" result="Success" success="True" time="0.193" asserts="2" />
                      <test-case name="Effort.Test.Features.BasicFixture.UnionAll" executed="True" result="Success" success="True" time="0.166" asserts="1" />
                      <test-case name="Effort.Test.Features.BasicFixture.UnionAll2" executed="True" result="Success" success="True" time="0.109" asserts="1" />
                    </results>
                  </test-suite>
                  <test-suite type="TestFixture" name="BinaryFixture" executed="True" result="Success" success="True" time="0.240" asserts="0">
                    <results>
                      <test-case name="Effort.Test.Features.BinaryFixture.BinaryConstant" executed="True" result="Success" success="True" time="0.083" asserts="1" />
                      <test-case name="Effort.Test.Features.BinaryFixture.BinaryParameter" executed="True" result="Success" success="True" time="0.067" asserts="1" />
                      <test-case name="Effort.Test.Features.BinaryFixture.BinaryResult" executed="True" result="Success" success="True" time="0.089" asserts="1" />
                    </results>
                  </test-suite>
                  <test-suite type="TestFixture" name="BinaryKeyFixture" executed="True" result="Success" success="True" time="0.062" asserts="0">
                    <results>
                      <test-case name="Effort.Test.Features.BinaryKeyFixture.BinaryKey_InsertAndQuery" executed="True" result="Success" success="True" time="0.062" asserts="0" />
                    </results>
                  </test-suite>
                  <test-suite type="Namespace" name="CanonicalFunctions" executed="True" result="Success" success="True" time="3.273" asserts="0">
                    <results>
                      <test-suite type="TestFixture" name="BitwiseFunctionsFixture" executed="True" result="Success" success="True" time="0.242" asserts="0">
                        <results>
                          <test-case name="Effort.Test.Features.CanonicalFunctions.BitwiseFunctionsFixture.BitwiseAnd16" executed="True" result="Success" success="True" time="0.099" asserts="0" />
                          <test-case name="Effort.Test.Features.CanonicalFunctions.BitwiseFunctionsFixture.BitwiseAnd32" executed="True" result="Success" success="True" time="0.026" asserts="0" />
                          <test-case name="Effort.Test.Features.CanonicalFunctions.BitwiseFunctionsFixture.BitwiseAnd64" executed="True" result="Success" success="True" time="0.020" asserts="0" />
                          <test-case name="Effort.Test.Features.CanonicalFunctions.BitwiseFunctionsFixture.BitwiseAnd8" executed="True" result="Success" success="True" time="0.019" asserts="0" />
                          <test-case name="Effort.Test.Features.CanonicalFunctions.BitwiseFunctionsFixture.BitwiseNot" executed="True" result="Success" success="True" time="0.034" asserts="0" />
                          <test-case name="Effort.Test.Features.CanonicalFunctions.BitwiseFunctionsFixture.BitwiseOr" executed="True" result="Success" success="True" time="0.021" asserts="0" />
                          <test-case name="Effort.Test.Features.CanonicalFunctions.BitwiseFunctionsFixture.BitwiseXor" executed="True" result="Success" success="True" time="0.019" asserts="0" />
                        </results>
                      </test-suite>
                      <test-suite type="TestFixture" name="DateTimeFunctionsFixture" executed="True" result="Success" success="True" time="0.645" asserts="0">
                        <results>
                          <test-case name="Effort.Test.Features.CanonicalFunctions.DateTimeFunctionsFixture.CreateDateTime" executed="True" result="Success" success="True" time="0.087" asserts="0" />
                          <test-case name="Effort.Test.Features.CanonicalFunctions.DateTimeFunctionsFixture.DateTimeAddDays" executed="True" result="Success" success="True" time="0.039" asserts="0" />
                          <test-case name="Effort.Test.Features.CanonicalFunctions.DateTimeFunctionsFixture.DateTimeAddHours" executed="True" result="Success" success="True" time="0.019" asserts="0" />
                          <test-case name="Effort.Test.Features.CanonicalFunctions.DateTimeFunctionsFixture.DateTimeAddMilliseconds" executed="True" result="Success" success="True" time="0.026" asserts="0" />
                          <test-case name="Effort.Test.Features.CanonicalFunctions.DateTimeFunctionsFixture.DateTimeAddMinutes" executed="True" result="Success" success="True" time="0.017" asserts="0" />
                          <test-case name="Effort.Test.Features.CanonicalFunctions.DateTimeFunctionsFixture.DateTimeAddMonths" executed="True" result="Success" success="True" time="0.017" asserts="0" />
                          <test-case name="Effort.Test.Features.CanonicalFunctions.DateTimeFunctionsFixture.DateTimeAddSeconds" executed="True" result="Success" success="True" time="0.019" asserts="0" />
                          <test-case name="Effort.Test.Features.CanonicalFunctions.DateTimeFunctionsFixture.DateTimeAddYears" executed="True" result="Success" success="True" time="0.017" asserts="0" />
                          <test-case name="Effort.Test.Features.CanonicalFunctions.DateTimeFunctionsFixture.DateTimeDay" executed="True" result="Success" success="True" time="0.015" asserts="0" />
                          <test-case name="Effort.Test.Features.CanonicalFunctions.DateTimeFunctionsFixture.DateTimeDayHour" executed="True" result="Success" success="True" time="0.018" asserts="0" />
                          <test-case name="Effort.Test.Features.CanonicalFunctions.DateTimeFunctionsFixture.DateTimeDiffDays" executed="True" result="Success" success="True" time="0.017" asserts="0" />
                          <test-case name="Effort.Test.Features.CanonicalFunctions.DateTimeFunctionsFixture.DateTimeDiffHours" executed="True" result="Success" success="True" time="0.016" asserts="0" />
                          <test-case name="Effort.Test.Features.CanonicalFunctions.DateTimeFunctionsFixture.DateTimeDiffMicroseconds" executed="True" result="Success" success="True" time="0.022" asserts="0" />
                          <test-case name="Effort.Test.Features.CanonicalFunctions.DateTimeFunctionsFixture.DateTimeDiffMilliseconds" executed="True" result="Success" success="True" time="0.017" asserts="0" />
                          <test-case name="Effort.Test.Features.CanonicalFunctions.DateTimeFunctionsFixture.DateTimeDiffMinutes" executed="True" result="Success" success="True" time="0.016" asserts="0" />
                          <test-case name="Effort.Test.Features.CanonicalFunctions.DateTimeFunctionsFixture.DateTimeDiffMonths" executed="True" result="Success" success="True" time="0.059" asserts="0" />
                          <test-case name="Effort.Test.Features.CanonicalFunctions.DateTimeFunctionsFixture.DateTimeDiffNanoseconds" executed="True" result="Success" success="True" time="0.017" asserts="0" />
                          <test-case name="Effort.Test.Features.CanonicalFunctions.DateTimeFunctionsFixture.DateTimeDiffSeconds" executed="True" result="Success" success="True" time="0.016" asserts="0" />
                          <test-case name="Effort.Test.Features.CanonicalFunctions.DateTimeFunctionsFixture.DateTimeDiffYears" executed="True" result="Success" success="True" time="0.018" asserts="0" />
                          <test-case name="Effort.Test.Features.CanonicalFunctions.DateTimeFunctionsFixture.DateTimeMillisecond" executed="True" result="Success" success="True" time="0.014" asserts="0" />
                          <test-case name="Effort.Test.Features.CanonicalFunctions.DateTimeFunctionsFixture.DateTimeMinute" executed="True" result="Success" success="True" time="0.014" asserts="0" />
                          <test-case name="Effort.Test.Features.CanonicalFunctions.DateTimeFunctionsFixture.DateTimeMonth" executed="True" result="Success" success="True" time="0.013" asserts="0" />
                          <test-case name="Effort.Test.Features.CanonicalFunctions.DateTimeFunctionsFixture.DateTimeNow" executed="True" result="Success" success="True" time="0.021" asserts="0" />
                          <test-case name="Effort.Test.Features.CanonicalFunctions.DateTimeFunctionsFixture.DateTimeSecond" executed="True" result="Success" success="True" time="0.013" asserts="0" />
                          <test-case name="Effort.Test.Features.CanonicalFunctions.DateTimeFunctionsFixture.DateTimeTruncateTime" executed="True" result="Success" success="True" time="0.016" asserts="0" />
                          <test-case name="Effort.Test.Features.CanonicalFunctions.DateTimeFunctionsFixture.DateTimeUtcNow" executed="True" result="Success" success="True" time="0.017" asserts="0" />
                          <test-case name="Effort.Test.Features.CanonicalFunctions.DateTimeFunctionsFixture.DateTimeYear" executed="True" result="Success" success="True" time="0.012" asserts="0" />
                          <test-case name="Effort.Test.Features.CanonicalFunctions.DateTimeFunctionsFixture.TimeAddMicroseconds" executed="True" result="Success" success="True" time="0.016" asserts="0" />
                          <test-case name="Effort.Test.Features.CanonicalFunctions.DateTimeFunctionsFixture.TimeAddNanoseconds" executed="True" result="Success" success="True" time="0.018" asserts="0" />
                        </results>
                      </test-suite>
                      <test-suite type="TestFixture" name="DateTimeOffsetFunctionsFixture" executed="True" result="Success" success="True" time="0.579" asserts="0">
                        <results>
                          <test-case name="Effort.Test.Features.CanonicalFunctions.DateTimeOffsetFunctionsFixture.CreateDateTimeOffset" executed="True" result="Success" success="True" time="0.070" asserts="0" />
                          <test-case name="Effort.Test.Features.CanonicalFunctions.DateTimeOffsetFunctionsFixture.CurrentDateTimeOffset" executed="True" result="Success" success="True" time="0.031" asserts="0" />
                          <test-case name="Effort.Test.Features.CanonicalFunctions.DateTimeOffsetFunctionsFixture.DateTimeOffsetAddDays" executed="True" result="Success" success="True" time="0.018" asserts="0" />
                          <test-case name="Effort.Test.Features.CanonicalFunctions.DateTimeOffsetFunctionsFixture.DateTimeOffsetAddHours" executed="True" result="Success" success="True" time="0.017" asserts="0" />
                          <test-case name="Effort.Test.Features.CanonicalFunctions.DateTimeOffsetFunctionsFixture.DateTimeOffsetAddMilliseconds" executed="True" result="Success" success="True" time="0.020" asserts="0" />
                          <test-case name="Effort.Test.Features.CanonicalFunctions.DateTimeOffsetFunctionsFixture.DateTimeOffsetAddMinutes" executed="True" result="Success" success="True" time="0.017" asserts="0" />
                          <test-case name="Effort.Test.Features.CanonicalFunctions.DateTimeOffsetFunctionsFixture.DateTimeOffsetAddMonths" executed="True" result="Success" success="True" time="0.017" asserts="0" />
                          <test-case name="Effort.Test.Features.CanonicalFunctions.DateTimeOffsetFunctionsFixture.DateTimeOffsetAddSeconds" executed="True" result="Success" success="True" time="0.019" asserts="0" />
                          <test-case name="Effort.Test.Features.CanonicalFunctions.DateTimeOffsetFunctionsFixture.DateTimeOffsetAddYears" executed="True" result="Success" success="True" time="0.017" asserts="0" />
                          <test-case name="Effort.Test.Features.CanonicalFunctions.DateTimeOffsetFunctionsFixture.DateTimeOffsetDay" executed="True" result="Success" success="True" time="0.013" asserts="0" />
                          <test-case name="Effort.Test.Features.CanonicalFunctions.DateTimeOffsetFunctionsFixture.DateTimeOffsetDiffDays" executed="True" result="Success" success="True" time="0.019" asserts="0" />
                          <test-case name="Effort.Test.Features.CanonicalFunctions.DateTimeOffsetFunctionsFixture.DateTimeOffsetDiffHours" executed="True" result="Success" success="True" time="0.029" asserts="0" />
                          <test-case name="Effort.Test.Features.CanonicalFunctions.DateTimeOffsetFunctionsFixture.DateTimeOffsetDiffMicroseconds" executed="True" result="Success" success="True" time="0.016" asserts="0" />
                          <test-case name="Effort.Test.Features.CanonicalFunctions.DateTimeOffsetFunctionsFixture.DateTimeOffsetDiffMilliseconds" executed="True" result="Success" success="True" time="0.021" asserts="0" />
                          <test-case name="Effort.Test.Features.CanonicalFunctions.DateTimeOffsetFunctionsFixture.DateTimeOffsetDiffMinutes" executed="True" result="Success" success="True" time="0.016" asserts="0" />
                          <test-case name="Effort.Test.Features.CanonicalFunctions.DateTimeOffsetFunctionsFixture.DateTimeOffsetDiffMonths" executed="True" result="Success" success="True" time="0.021" asserts="0" />
                          <test-case name="Effort.Test.Features.CanonicalFunctions.DateTimeOffsetFunctionsFixture.DateTimeOffsetDiffNanoseconds" executed="True" result="Success" success="True" time="0.018" asserts="0" />
                          <test-case name="Effort.Test.Features.CanonicalFunctions.DateTimeOffsetFunctionsFixture.DateTimeOffsetDiffSeconds" executed="True" result="Success" success="True" time="0.016" asserts="0" />
                          <test-case name="Effort.Test.Features.CanonicalFunctions.DateTimeOffsetFunctionsFixture.DateTimeOffsetDiffYears" executed="True" result="Success" success="True" time="0.016" asserts="0" />
                          <test-case name="Effort.Test.Features.CanonicalFunctions.DateTimeOffsetFunctionsFixture.DateTimeOffsetHour" executed="True" result="Success" success="True" time="0.013" asserts="0" />
                          <test-case name="Effort.Test.Features.CanonicalFunctions.DateTimeOffsetFunctionsFixture.DateTimeOffsetMillisecond" executed="True" result="Success" success="True" time="0.015" asserts="0" />
                          <test-case name="Effort.Test.Features.CanonicalFunctions.DateTimeOffsetFunctionsFixture.DateTimeOffsetMinute" executed="True" result="Success" success="True" time="0.013" asserts="0" />
                          <test-case name="Effort.Test.Features.CanonicalFunctions.DateTimeOffsetFunctionsFixture.DateTimeOffsetMonth" executed="True" result="Success" success="True" time="0.013" asserts="0" />
                          <test-case name="Effort.Test.Features.CanonicalFunctions.DateTimeOffsetFunctionsFixture.DateTimeOffsetSecond" executed="True" result="Success" success="True" time="0.015" asserts="0" />
                          <test-case name="Effort.Test.Features.CanonicalFunctions.DateTimeOffsetFunctionsFixture.DateTimeOffsetTruncateTime" executed="True" result="Success" success="True" time="0.016" asserts="0" />
                          <test-case name="Effort.Test.Features.CanonicalFunctions.DateTimeOffsetFunctionsFixture.DateTimeOffsetYear" executed="True" result="Success" success="True" time="0.012" asserts="0" />
                          <test-case name="Effort.Test.Features.CanonicalFunctions.DateTimeOffsetFunctionsFixture.OffsetOfDateTimeOffset" executed="True" result="Success" success="True" time="0.017" asserts="0" />
                          <test-case name="Effort.Test.Features.CanonicalFunctions.DateTimeOffsetFunctionsFixture.TimeAddMicroseconds" executed="True" result="Success" success="True" time="0.017" asserts="0" />
                          <test-case name="Effort.Test.Features.CanonicalFunctions.DateTimeOffsetFunctionsFixture.TimeAddNanoseconds" executed="True" result="Success" success="True" time="0.017" asserts="0" />
                        </results>
                      </test-suite>
                      <test-suite type="TestFixture" name="GuidFunctionsFixture" executed="True" result="Success" success="True" time="0.038" asserts="0">
                        <results>
                          <test-case name="Effort.Test.Features.CanonicalFunctions.GuidFunctionsFixture.NewGuidFunction" executed="True" result="Success" success="True" time="0.037" asserts="0" />
                        </results>
                      </test-suite>
                      <test-suite type="TestFixture" name="MathFunctionsFixture" executed="True" result="Success" success="True" time="0.734" asserts="0">
                        <results>
                          <test-case name="Effort.Test.Features.CanonicalFunctions.MathFunctionsFixture.DecimalAbs" executed="True" result="Success" success="True" time="0.093" asserts="0" />
                          <test-case name="Effort.Test.Features.CanonicalFunctions.MathFunctionsFixture.DecimalAbsNull" executed="True" result="Success" success="True" time="0.024" asserts="0" />
                          <test-case name="Effort.Test.Features.CanonicalFunctions.MathFunctionsFixture.DecimalCeiling" executed="True" result="Success" success="True" time="0.025" asserts="0" />
                          <test-case name="Effort.Test.Features.CanonicalFunctions.MathFunctionsFixture.DecimalCeilingNull" executed="True" result="Success" success="True" time="0.020" asserts="0" />
                          <test-case name="Effort.Test.Features.CanonicalFunctions.MathFunctionsFixture.DecimalFloor" executed="True" result="Success" success="True" time="0.027" asserts="0" />
                          <test-case name="Effort.Test.Features.CanonicalFunctions.MathFunctionsFixture.DecimalFloorNull" executed="True" result="Success" success="True" time="0.022" asserts="0" />
                          <test-case name="Effort.Test.Features.CanonicalFunctions.MathFunctionsFixture.DecimalRound" executed="True" result="Success" success="True" time="0.023" asserts="0" />
                          <test-case name="Effort.Test.Features.CanonicalFunctions.MathFunctionsFixture.DecimalRoundDigit" executed="True" result="Success" success="True" time="0.027" asserts="0" />
                          <test-case name="Effort.Test.Features.CanonicalFunctions.MathFunctionsFixture.DecimalRoundDigitNull" executed="True" result="Success" success="True" time="0.028" asserts="0" />
                          <test-case name="Effort.Test.Features.CanonicalFunctions.MathFunctionsFixture.DecimalRoundNull" executed="True" result="Success" success="True" time="0.021" asserts="0" />
                          <test-case name="Effort.Test.Features.CanonicalFunctions.MathFunctionsFixture.DoubleAbs" executed="True" result="Success" success="True" time="0.021" asserts="0" />
                          <test-case name="Effort.Test.Features.CanonicalFunctions.MathFunctionsFixture.DoubleAbsNull" executed="True" result="Success" success="True" time="0.022" asserts="0" />
                          <test-case name="Effort.Test.Features.CanonicalFunctions.MathFunctionsFixture.DoubleCeiling" executed="True" result="Success" success="True" time="0.021" asserts="0" />
                          <test-case name="Effort.Test.Features.CanonicalFunctions.MathFunctionsFixture.DoubleCeilingNull" executed="True" result="Success" success="True" time="0.019" asserts="0" />
                          <test-case name="Effort.Test.Features.CanonicalFunctions.MathFunctionsFixture.DoubleFloor" executed="True" result="Success" success="True" time="0.022" asserts="0" />
                          <test-case name="Effort.Test.Features.CanonicalFunctions.MathFunctionsFixture.DoubleFloorNull" executed="True" result="Success" success="True" time="0.019" asserts="0" />
                          <test-case name="Effort.Test.Features.CanonicalFunctions.MathFunctionsFixture.DoubleRound" executed="True" result="Success" success="True" time="0.022" asserts="0" />
                          <test-case name="Effort.Test.Features.CanonicalFunctions.MathFunctionsFixture.DoubleRoundDigit" executed="True" result="Success" success="True" time="0.021" asserts="0" />
                          <test-case name="Effort.Test.Features.CanonicalFunctions.MathFunctionsFixture.DoubleRoundDigitNull" executed="True" result="Success" success="True" time="0.021" asserts="0" />
                          <test-case name="Effort.Test.Features.CanonicalFunctions.MathFunctionsFixture.DoubleRoundNull" executed="True" result="Success" success="True" time="0.020" asserts="0" />
                          <test-case name="Effort.Test.Features.CanonicalFunctions.MathFunctionsFixture.IntAbs" executed="True" result="Success" success="True" time="0.022" asserts="0" />
                          <test-case name="Effort.Test.Features.CanonicalFunctions.MathFunctionsFixture.IntAbsNull" executed="True" result="Success" success="True" time="0.020" asserts="0" />
                          <test-case name="Effort.Test.Features.CanonicalFunctions.MathFunctionsFixture.LongAbs" executed="True" result="Success" success="True" time="0.038" asserts="0" />
                          <test-case name="Effort.Test.Features.CanonicalFunctions.MathFunctionsFixture.LongAbsNull" executed="True" result="Success" success="True" time="0.027" asserts="0" />
                          <test-case name="Effort.Test.Features.CanonicalFunctions.MathFunctionsFixture.Power" executed="True" result="Success" success="True" time="0.024" asserts="0" />
                          <test-case name="Effort.Test.Features.CanonicalFunctions.MathFunctionsFixture.PowerNull" executed="True" result="Success" success="True" time="0.021" asserts="0" />
                          <test-case name="Effort.Test.Features.CanonicalFunctions.MathFunctionsFixture.SByteAbs" executed="True" result="Success" success="True" time="0.000" asserts="0" />
                          <test-case name="Effort.Test.Features.CanonicalFunctions.MathFunctionsFixture.SByteAbsNull" executed="True" result="Success" success="True" time="0.000" asserts="0" />
                          <test-case name="Effort.Test.Features.CanonicalFunctions.MathFunctionsFixture.ShortAbs" executed="True" result="Success" success="True" time="0.023" asserts="0" />
                          <test-case name="Effort.Test.Features.CanonicalFunctions.MathFunctionsFixture.ShortAbsNull" executed="True" result="Success" success="True" time="0.019" asserts="0" />
                        </results>
                      </test-suite>
                      <test-suite type="TestFixture" name="StringFunctionsFixture" executed="True" result="Success" success="True" time="0.637" asserts="0">
                        <results>
                          <test-case name="Effort.Test.Features.CanonicalFunctions.StringFunctionsFixture.StringConcat" executed="True" result="Success" success="True" time="0.030" asserts="0" />
                          <test-case name="Effort.Test.Features.CanonicalFunctions.StringFunctionsFixture.StringConcatNull" executed="True" result="Success" success="True" time="0.010" asserts="0" />
                          <test-case name="Effort.Test.Features.CanonicalFunctions.StringFunctionsFixture.StringContains" executed="True" result="Success" success="True" time="0.028" asserts="0" />
                          <test-case name="Effort.Test.Features.CanonicalFunctions.StringFunctionsFixture.StringEndsWith" executed="True" result="Success" success="True" time="0.020" asserts="0" />
                          <test-case name="Effort.Test.Features.CanonicalFunctions.StringFunctionsFixture.StringIndexOf" executed="True" result="Success" success="True" time="0.024" asserts="0" />
                          <test-case name="Effort.Test.Features.CanonicalFunctions.StringFunctionsFixture.StringIndexOf2" executed="True" result="Success" success="True" time="0.012" asserts="0" />
                          <test-case name="Effort.Test.Features.CanonicalFunctions.StringFunctionsFixture.StringIndexOfNull" executed="True" result="Success" success="True" time="0.014" asserts="0" />
                          <test-case name="Effort.Test.Features.CanonicalFunctions.StringFunctionsFixture.StringIndexOfNull2" executed="True" result="Success" success="True" time="0.013" asserts="0" />
                          <test-case name="Effort.Test.Features.CanonicalFunctions.StringFunctionsFixture.StringInsert" executed="True" result="Success" success="True" time="0.019" asserts="0" />
                          <test-case name="Effort.Test.Features.CanonicalFunctions.StringFunctionsFixture.StringInsertNull1" executed="True" result="Success" success="True" time="0.014" asserts="0" />
                          <test-case name="Effort.Test.Features.CanonicalFunctions.StringFunctionsFixture.StringInsertNull2" executed="True" result="Success" success="True" time="0.015" asserts="0" />
                          <test-case name="Effort.Test.Features.CanonicalFunctions.StringFunctionsFixture.StringIsNullOrEmpty" executed="True" result="Success" success="True" time="0.017" asserts="0" />
                          <test-case name="Effort.Test.Features.CanonicalFunctions.StringFunctionsFixture.StringIsNullOrEmptyNull" executed="True" result="Success" success="True" time="0.012" asserts="0" />
                          <test-case name="Effort.Test.Features.CanonicalFunctions.StringFunctionsFixture.StringLeft" executed="True" result="Success" success="True" time="0.015" asserts="0" />
                          <test-case name="Effort.Test.Features.CanonicalFunctions.StringFunctionsFixture.StringLeftNull" executed="True" result="Success" success="True" time="0.012" asserts="0" />
                          <test-case name="Effort.Test.Features.CanonicalFunctions.StringFunctionsFixture.StringLength" executed="True" result="Success" success="True" time="0.012" asserts="0" />
                          <test-case name="Effort.Test.Features.CanonicalFunctions.StringFunctionsFixture.StringLengthNull" executed="True" result="Success" success="True" time="0.015" asserts="0" />
                          <test-case name="Effort.Test.Features.CanonicalFunctions.StringFunctionsFixture.StringRemove1" executed="True" result="Success" success="True" time="0.015" asserts="0" />
                          <test-case name="Effort.Test.Features.CanonicalFunctions.StringFunctionsFixture.StringRemove2" executed="True" result="Success" success="True" time="0.015" asserts="0" />
                          <test-case name="Effort.Test.Features.CanonicalFunctions.StringFunctionsFixture.StringReplace" executed="True" result="Success" success="True" time="0.013" asserts="0" />
                          <test-case name="Effort.Test.Features.CanonicalFunctions.StringFunctionsFixture.StringReplaceNull1" executed="True" result="Success" success="True" time="0.011" asserts="0" />
                          <test-case name="Effort.Test.Features.CanonicalFunctions.StringFunctionsFixture.StringReplaceNull2" executed="True" result="Success" success="True" time="0.011" asserts="0" />
                          <test-case name="Effort.Test.Features.CanonicalFunctions.StringFunctionsFixture.StringReplaceNull3" executed="True" result="Success" success="True" time="0.011" asserts="0" />
                          <test-case name="Effort.Test.Features.CanonicalFunctions.StringFunctionsFixture.StringReverse" executed="True" result="Success" success="True" time="0.013" asserts="0" />
                          <test-case name="Effort.Test.Features.CanonicalFunctions.StringFunctionsFixture.StringReverseNull" executed="True" result="Success" success="True" time="0.011" asserts="0" />
                          <test-case name="Effort.Test.Features.CanonicalFunctions.StringFunctionsFixture.StringRight" executed="True" result="Success" success="True" time="0.013" asserts="0" />
                          <test-case name="Effort.Test.Features.CanonicalFunctions.StringFunctionsFixture.StringRightNull" executed="True" result="Success" success="True" time="0.014" asserts="0" />
                          <test-case name="Effort.Test.Features.CanonicalFunctions.StringFunctionsFixture.StringStartsWith" executed="True" result="Success" success="True" time="0.013" asserts="0" />
                          <test-case name="Effort.Test.Features.CanonicalFunctions.StringFunctionsFixture.StringSubstring1" executed="True" result="Success" success="True" time="0.016" asserts="0" />
                          <test-case name="Effort.Test.Features.CanonicalFunctions.StringFunctionsFixture.StringSubstring2" executed="True" result="Success" success="True" time="0.014" asserts="0" />
                          <test-case name="Effort.Test.Features.CanonicalFunctions.StringFunctionsFixture.StringSubstringNull" executed="True" result="Success" success="True" time="0.012" asserts="0" />
                          <test-case name="Effort.Test.Features.CanonicalFunctions.StringFunctionsFixture.StringToLower" executed="True" result="Success" success="True" time="0.012" asserts="0" />
                          <test-case name="Effort.Test.Features.CanonicalFunctions.StringFunctionsFixture.StringToLowerNull" executed="True" result="Success" success="True" time="0.013" asserts="0" />
                          <test-case name="Effort.Test.Features.CanonicalFunctions.StringFunctionsFixture.StringToUpper" executed="True" result="Success" success="True" time="0.014" asserts="0" />
                          <test-case name="Effort.Test.Features.CanonicalFunctions.StringFunctionsFixture.StringToUpperNull" executed="True" result="Success" success="True" time="0.014" asserts="0" />
                          <test-case name="Effort.Test.Features.CanonicalFunctions.StringFunctionsFixture.Trim" executed="True" result="Success" success="True" time="0.014" asserts="0" />
                          <test-case name="Effort.Test.Features.CanonicalFunctions.StringFunctionsFixture.TrimEnd" executed="True" result="Success" success="True" time="0.023" asserts="0" />
                          <test-case name="Effort.Test.Features.CanonicalFunctions.StringFunctionsFixture.TrimEndNull" executed="True" result="Success" success="True" time="0.013" asserts="0" />
                          <test-case name="Effort.Test.Features.CanonicalFunctions.StringFunctionsFixture.TrimNull" executed="True" result="Success" success="True" time="0.014" asserts="0" />
                          <test-case name="Effort.Test.Features.CanonicalFunctions.StringFunctionsFixture.TrimStart" executed="True" result="Success" success="True" time="0.014" asserts="0" />
                          <test-case name="Effort.Test.Features.CanonicalFunctions.StringFunctionsFixture.TrimStartNull" executed="True" result="Success" success="True" time="0.014" asserts="0" />
                        </results>
                      </test-suite>
                      <test-suite type="TestFixture" name="TimeFunctionsFixture" executed="True" result="Success" success="True" time="0.382" asserts="0">
                        <results>
                          <test-case name="Effort.Test.Features.CanonicalFunctions.TimeFunctionsFixture.CreateTime" executed="True" result="Success" success="True" time="0.076" asserts="0" />
                          <test-case name="Effort.Test.Features.CanonicalFunctions.TimeFunctionsFixture.TimeAddHours" executed="True" result="Success" success="True" time="0.034" asserts="0" />
                          <test-case name="Effort.Test.Features.CanonicalFunctions.TimeFunctionsFixture.TimeAddMicroseconds" executed="True" result="Success" success="True" time="0.017" asserts="0" />
                          <test-case name="Effort.Test.Features.CanonicalFunctions.TimeFunctionsFixture.TimeAddMilliseconds" executed="True" result="Success" success="True" time="0.017" asserts="0" />
                          <test-case name="Effort.Test.Features.CanonicalFunctions.TimeFunctionsFixture.TimeAddMinutes" executed="True" result="Success" success="True" time="0.019" asserts="0" />
                          <test-case name="Effort.Test.Features.CanonicalFunctions.TimeFunctionsFixture.TimeAddNanoseconds" executed="True" result="Success" success="True" time="0.019" asserts="0" />
                          <test-case name="Effort.Test.Features.CanonicalFunctions.TimeFunctionsFixture.TimeAddSeconds" executed="True" result="Success" success="True" time="0.017" asserts="0" />
                          <test-case name="Effort.Test.Features.CanonicalFunctions.TimeFunctionsFixture.TimeDiffHours" executed="True" result="Success" success="True" time="0.021" asserts="0" />
                          <test-case name="Effort.Test.Features.CanonicalFunctions.TimeFunctionsFixture.TimeDiffMicroseconds" executed="True" result="Success" success="True" time="0.017" asserts="0" />
                          <test-case name="Effort.Test.Features.CanonicalFunctions.TimeFunctionsFixture.TimeDiffMilliseconds" executed="True" result="Success" success="True" time="0.017" asserts="0" />
                          <test-case name="Effort.Test.Features.CanonicalFunctions.TimeFunctionsFixture.TimeDiffMinutes" executed="True" result="Success" success="True" time="0.020" asserts="0" />
                          <test-case name="Effort.Test.Features.CanonicalFunctions.TimeFunctionsFixture.TimeDiffNanoseconds" executed="True" result="Success" success="True" time="0.017" asserts="0" />
                          <test-case name="Effort.Test.Features.CanonicalFunctions.TimeFunctionsFixture.TimeDiffSeconds" executed="True" result="Success" success="True" time="0.017" asserts="0" />
                          <test-case name="Effort.Test.Features.CanonicalFunctions.TimeFunctionsFixture.TimeHour" executed="True" result="Success" success="True" time="0.020" asserts="0" />
                          <test-case name="Effort.Test.Features.CanonicalFunctions.TimeFunctionsFixture.TimeMillisecond" executed="True" result="Success" success="True" time="0.016" asserts="0" />
                          <test-case name="Effort.Test.Features.CanonicalFunctions.TimeFunctionsFixture.TimeMinute" executed="True" result="Success" success="True" time="0.013" asserts="0" />
                          <test-case name="Effort.Test.Features.CanonicalFunctions.TimeFunctionsFixture.TimeSecond" executed="True" result="Success" success="True" time="0.013" asserts="0" />
                        </results>
                      </test-suite>
                    </results>
                  </test-suite>
                  <test-suite type="TestFixture" name="ComplexQueryFixture" executed="True" result="Success" success="True" time="0.871" asserts="0">
                    <results>
                      <test-case name="Effort.Test.Features.ComplexQueryFixture.Categories_That_Do_Not_Have_Certain_Products" executed="True" result="Success" success="True" time="0.120" asserts="1" />
                      <test-case name="Effort.Test.Features.ComplexQueryFixture.Date_Of_The_Last_Order_Of_The_Top_Customer" executed="True" result="Success" success="True" time="0.398" asserts="1" />
                      <test-case name="Effort.Test.Features.ComplexQueryFixture.Name_Of_The_Customer_Who_Has_The_Most_Orders_Out_Of_The_Top_Ten_Customers" executed="True" result="Success" success="True" time="0.229" asserts="1" />
                      <test-case name="Effort.Test.Features.ComplexQueryFixture.Products_That_Has_Higher_Unit_Price_Than_Average" executed="True" result="Success" success="True" time="0.121" asserts="1" />
                    </results>
                  </test-suite>
                  <test-suite type="TestFixture" name="CountFixture" executed="True" result="Success" success="True" time="0.087" asserts="0">
                    <results>
                      <test-case name="Effort.Test.Features.CountFixture.Count" executed="True" result="Success" success="True" time="0.017" asserts="1" />
                      <test-case name="Effort.Test.Features.CountFixture.LongCount" executed="True" result="Success" success="True" time="0.068" asserts="1" />
                    </results>
                  </test-suite>
                  <test-suite type="TestFixture" name="DateFieldFixture" executed="True" result="Success" success="True" time="0.016" asserts="0">
                    <results>
                      <test-case name="Effort.Test.Features.DateFieldFixture.DateFieldFixture_CreateDateField" executed="True" result="Success" success="True" time="0.016" asserts="0" />
                    </results>
                  </test-suite>
                  <test-suite type="TestFixture" name="DecimalIdentityFieldFixture" executed="True" result="Success" success="True" time="0.073" asserts="0">
                    <results>
                      <test-case name="Effort.Test.Features.DecimalIdentityFieldFixture.DecimalIdentity_Creation" executed="True" result="Success" success="True" time="0.048" asserts="0" />
                      <test-case name="Effort.Test.Features.DecimalIdentityFieldFixture.DecimalIdentity_Insert" executed="True" result="Success" success="True" time="0.024" asserts="0" />
                    </results>
                  </test-suite>
                  <test-suite type="TestFixture" name="EnumFieldFixture" executed="True" result="Success" success="True" time="0.260" asserts="0">
                    <results>
                      <test-case name="Effort.Test.Features.EnumFieldFixture.EnumField_Delete" executed="True" result="Success" success="True" time="0.056" asserts="0" />
                      <test-case name="Effort.Test.Features.EnumFieldFixture.EnumField_Insert" executed="True" result="Success" success="True" time="0.007" asserts="0" />
                      <test-case name="Effort.Test.Features.EnumFieldFixture.EnumField_Query" executed="True" result="Success" success="True" time="0.030" asserts="0" />
                      <test-case name="Effort.Test.Features.EnumFieldFixture.EnumField_Query_ESql_Param" executed="True" result="Success" success="True" time="0.099" asserts="0" />
                      <test-case name="Effort.Test.Features.EnumFieldFixture.EnumField_Query_Param" executed="True" result="Success" success="True" time="0.016" asserts="0" />
                      <test-case name="Effort.Test.Features.EnumFieldFixture.EnumField_Update" executed="True" result="Success" success="True" time="0.049" asserts="0" />
                    </results>
                  </test-suite>
                  <test-suite type="TestFixture" name="ExpressionFixture" executed="True" result="Success" success="True" time="1.197" asserts="0">
                    <results>
                      <test-case name="Effort.Test.Features.ExpressionFixture.Addition" executed="True" result="Success" success="True" time="0.100" asserts="1" />
                      <test-case name="Effort.Test.Features.ExpressionFixture.ComplexArithmetic" executed="True" result="Success" success="True" time="0.138" asserts="1" />
                      <test-case name="Effort.Test.Features.ExpressionFixture.Divide" executed="True" result="Success" success="True" time="0.100" asserts="1" />
                      <test-case name="Effort.Test.Features.ExpressionFixture.Equals" executed="True" result="Success" success="True" time="0.104" asserts="1" />
                      <test-case name="Effort.Test.Features.ExpressionFixture.GreaterThan" executed="True" result="Success" success="True" time="0.106" asserts="1" />
                      <test-case name="Effort.Test.Features.ExpressionFixture.GreaterThanOrEquals" executed="True" result="Success" success="True" time="0.106" asserts="1" />
                      <test-case name="Effort.Test.Features.ExpressionFixture.Multiply" executed="True" result="Success" success="True" time="0.113" asserts="1" />
                      <test-case name="Effort.Test.Features.ExpressionFixture.Negation" executed="True" result="Success" success="True" time="0.098" asserts="1" />
                      <test-case name="Effort.Test.Features.ExpressionFixture.SmallerThan" executed="True" result="Success" success="True" time="0.099" asserts="1" />
                      <test-case name="Effort.Test.Features.ExpressionFixture.SmallerThanOrEquals" executed="True" result="Success" success="True" time="0.098" asserts="1" />
                      <test-case name="Effort.Test.Features.ExpressionFixture.Substraction" executed="True" result="Success" success="True" time="0.124" asserts="1" />
                    </results>
                  </test-suite>
                  <test-suite type="TestFixture" name="FlagEnumFieldFixture" executed="True" result="Success" success="True" time="0.070" asserts="0">
                    <results>
                      <test-case name="Effort.Test.Features.FlagEnumFieldFixture.FlagEnumFieldFixture_And" executed="True" result="Success" success="True" time="0.037" asserts="0" />
                      <test-case name="Effort.Test.Features.FlagEnumFieldFixture.FlagEnumFieldFixture_NullableAnd" executed="True" result="Success" success="True" time="0.016" asserts="0" />
                      <test-case name="Effort.Test.Features.FlagEnumFieldFixture.FlagEnumFieldFixture_Or" executed="True" result="Success" success="True" time="0.016" asserts="0" />
                    </results>
                  </test-suite>
                  <test-suite type="TestFixture" name="GuidKeyFixture" executed="True" result="Success" success="True" time="0.078" asserts="0">
                    <results>
                      <test-case name="Effort.Test.Features.GuidKeyFixture.GuidKey_InsertGeneratesNewGuid" executed="True" result="Success" success="True" time="0.061" asserts="1" />
                      <test-case name="Effort.Test.Features.GuidKeyFixture.GuidKey_UpdateKeepsGuid" executed="True" result="Success" success="True" time="0.016" asserts="1" />
                    </results>
                  </test-suite>
                  <test-suite type="TestFixture" name="IncludeFixture" executed="True" result="Success" success="True" time="2.783" asserts="0">
                    <results>
                      <test-case name="Effort.Test.Features.IncludeFixture.CascadedOneToManyInclude" executed="True" result="Success" success="True" time="0.530" asserts="1" />
                      <test-case name="Effort.Test.Features.IncludeFixture.CascadedOneToOneInclude" executed="True" result="Success" success="True" time="0.337" asserts="1" />
                      <test-case name="Effort.Test.Features.IncludeFixture.CombinedInclude" executed="True" result="Success" success="True" time="0.337" asserts="1" />
                      <test-case name="Effort.Test.Features.IncludeFixture.ManyToManyInclude" executed="True" result="Success" success="True" time="0.235" asserts="1" />
                      <test-case name="Effort.Test.Features.IncludeFixture.MixedCascadedOneToOneInclude" executed="True" result="Success" success="True" time="0.276" asserts="1" />
                      <test-case name="Effort.Test.Features.IncludeFixture.MultipleOneToOneInclude" executed="True" result="Success" success="True" time="0.365" asserts="1" />
                      <test-case name="Effort.Test.Features.IncludeFixture.NestedInclude" executed="True" result="Success" success="True" time="0.267" asserts="1" />
                      <test-case name="Effort.Test.Features.IncludeFixture.OneToManyInclude" executed="True" result="Success" success="True" time="0.232" asserts="1" />
                      <test-case name="Effort.Test.Features.IncludeFixture.OneToOneInclude" executed="True" result="Success" success="True" time="0.198" asserts="1" />
                    </results>
                  </test-suite>
                  <test-suite type="TestFixture" name="IndexedFieldFixture" executed="True" result="Success" success="True" time="0.047" asserts="0">
                    <results>
                      <test-case name="Effort.Test.Features.IndexedFieldFixture.UniqueIndexViolation" executed="True" result="Success" success="True" time="0.047" asserts="0" />
                    </results>
                  </test-suite>
                  <test-suite type="TestFixture" name="JoinFixture" executed="True" result="Success" success="True" time="0.621" asserts="0">
                    <results>
                      <test-case name="Effort.Test.Features.JoinFixture.CrossApply" executed="True" result="Success" success="True" time="0.100" asserts="1" />
                      <test-case name="Effort.Test.Features.JoinFixture.CrossJoin" executed="True" result="Success" success="True" time="0.084" asserts="1" />
                      <test-case name="Effort.Test.Features.JoinFixture.InnerJoin" executed="True" result="Success" success="True" time="0.084" asserts="1" />
                      <test-case name="Effort.Test.Features.JoinFixture.OuterApply" executed="True" result="Success" success="True" time="0.082" asserts="1" />
                      <test-case name="Effort.Test.Features.JoinFixture.OuterJoin" executed="True" result="Success" success="True" time="0.100" asserts="1" />
                      <test-case name="Effort.Test.Features.JoinFixture.OuterJoin2" executed="True" result="Success" success="True" time="0.071" asserts="1" />
                      <test-case name="Effort.Test.Features.JoinFixture.TripleCrossJoin" executed="True" result="Success" success="True" time="0.095" asserts="1" />
                    </results>
                  </test-suite>
                  <test-suite type="TestFixture" name="KeyFixture" executed="True" result="Success" success="True" time="0.041" asserts="0">
                    <results>
                      <test-case name="Effort.Test.Features.KeyFixture.LargePrimaryKeyCreation" executed="True" result="Success" success="True" time="0.041" asserts="0" />
                    </results>
                  </test-suite>
                  <test-suite type="TestFixture" name="LargeStringFieldFixture" executed="True" result="Success" success="True" time="0.018" asserts="0">
                    <results>
                      <test-case name="Effort.Test.Features.LargeStringFieldFixture.StringFieldFixture_LargeStringFieldCreation" executed="True" result="Success" success="True" time="0.017" asserts="0" />
                    </results>
                  </test-suite>
                  <test-suite type="TestFixture" name="ManipulationFixture" executed="True" result="Success" success="True" time="0.259" asserts="0">
                    <results>
                      <test-case name="Effort.Test.Features.ManipulationFixture.Delete" executed="True" result="Success" success="True" time="0.095" asserts="1" />
                      <test-case name="Effort.Test.Features.ManipulationFixture.InsertWithIdentity" executed="True" result="Success" success="True" time="0.059" asserts="2" />
                      <test-case name="Effort.Test.Features.ManipulationFixture.ManipulationInitialData" executed="True" result="Success" success="True" time="0.018" asserts="2" />
                      <test-case name="Effort.Test.Features.ManipulationFixture.Update" executed="True" result="Success" success="True" time="0.084" asserts="1" />
                    </results>
                  </test-suite>
                  <test-suite type="TestFixture" name="MiscellaneousQueryFixture" executed="True" result="Success" success="True" time="0.114" asserts="0">
                    <results>
                      <test-case name="Effort.Test.Features.MiscellaneousQueryFixture.Discussion528812" executed="True" result="Success" success="True" time="0.114" asserts="1" />
                    </results>
                  </test-suite>
                  <test-suite type="TestFixture" name="RelationFixture" executed="True" result="Success" success="True" time="0.257" asserts="0">
                    <results>
                      <test-case name="Effort.Test.Features.RelationFixture.CascadedDelete" executed="True" result="Success" success="True" time="0.032" asserts="0" />
                      <test-case name="Effort.Test.Features.RelationFixture.CascadedRequiredInclude" executed="True" result="Success" success="True" time="0.121" asserts="0" />
                      <test-case name="Effort.Test.Features.RelationFixture.OptionalInclude" executed="True" result="Success" success="True" time="0.054" asserts="0" />
                      <test-case name="Effort.Test.Features.RelationFixture.RequiredInclude" executed="True" result="Success" success="True" time="0.047" asserts="0" />
                    </results>
                  </test-suite>
                  <test-suite type="TestFixture" name="RequiredFieldFixture" executed="True" result="Success" success="True" time="0.032" asserts="0">
                    <results>
                      <test-case name="Effort.Test.Features.RequiredFieldFixture.RequiredFieldFixture_CreateRequiredField" executed="True" result="Success" success="True" time="0.017" asserts="0" />
                      <test-case name="Effort.Test.Features.RequiredFieldFixture.RequiredFieldFixture_EmptyFieldAdditionShouldFail" executed="True" result="Success" success="True" time="0.014" asserts="0" />
                    </results>
                  </test-suite>
                  <test-suite type="TestFixture" name="StringConversionFixture" executed="True" result="Success" success="True" time="0.119" asserts="0">
                    <results>
                      <test-case name="Effort.Test.Features.StringConversionFixture.ByteToString" executed="True" result="Success" success="True" time="0.025" asserts="0" />
                      <test-case name="Effort.Test.Features.StringConversionFixture.DecimalToString" executed="True" result="Success" success="True" time="0.016" asserts="0" />
                      <test-case name="Effort.Test.Features.StringConversionFixture.DoubleToString" executed="True" result="Success" success="True" time="0.014" asserts="0" />
                      <test-case name="Effort.Test.Features.StringConversionFixture.FloatToString" executed="True" result="Success" success="True" time="0.014" asserts="0" />
                      <test-case name="Effort.Test.Features.StringConversionFixture.IntToString" executed="True" result="Success" success="True" time="0.016" asserts="0" />
                      <test-case name="Effort.Test.Features.StringConversionFixture.LongToString" executed="True" result="Success" success="True" time="0.014" asserts="0" />
                      <test-case name="Effort.Test.Features.StringConversionFixture.ShortToString" executed="True" result="Success" success="True" time="0.016" asserts="0" />
                    </results>
                  </test-suite>
                  <test-suite type="TestFixture" name="StringFieldFixture" executed="True" result="Success" success="True" time="0.150" asserts="0">
                    <results>
                      <test-case name="Effort.Test.Features.StringFieldFixture.String_CompareNull" executed="True" result="Success" success="True" time="0.019" asserts="1" />
                      <test-case name="Effort.Test.Features.StringFieldFixture.String_CompareNull2" executed="True" result="Success" success="True" time="0.013" asserts="1" />
                      <test-case name="Effort.Test.Features.StringFieldFixture.String_Equals" executed="True" result="Success" success="True" time="0.015" asserts="1" />
                      <test-case name="Effort.Test.Features.StringFieldFixture.String_Equals2" executed="True" result="Success" success="True" time="0.018" asserts="1" />
                      <test-case name="Effort.Test.Features.StringFieldFixture.String_GreaterThan" executed="True" result="Success" success="True" time="0.013" asserts="1" />
                      <test-case name="Effort.Test.Features.StringFieldFixture.String_GreaterThanOrEquals" executed="True" result="Success" success="True" time="0.015" asserts="1" />
                      <test-case name="Effort.Test.Features.StringFieldFixture.String_LessThan" executed="True" result="Success" success="True" time="0.012" asserts="1" />
                      <test-case name="Effort.Test.Features.StringFieldFixture.String_LessThanOrEquals" executed="True" result="Success" success="True" time="0.012" asserts="1" />
                      <test-case name="Effort.Test.Features.StringFieldFixture.String_NotEquals" executed="True" result="Success" success="True" time="0.014" asserts="1" />
                      <test-case name="Effort.Test.Features.StringFieldFixture.String_NotEqualsNull" executed="True" result="Success" success="True" time="0.012" asserts="1" />
                    </results>
                  </test-suite>
                  <test-suite type="TestFixture" name="StringParseFixture" executed="True" result="Success" success="True" time="0.043" asserts="0">
                    <results>
                      <test-case name="Effort.Test.Features.StringParseFixture.CastStringToInt8" executed="True" result="Success" success="True" time="0.043" asserts="0" />
                    </results>
                  </test-suite>
                  <test-suite type="TestFixture" name="TimestampFixture" executed="True" result="Success" success="True" time="1.124" asserts="0">
                    <results>
                      <test-case name="Effort.Test.Features.TimestampFixture.TimestampCompareGreaterQuery" executed="True" result="Success" success="True" time="0.330" asserts="0" />
                      <test-case name="Effort.Test.Features.TimestampFixture.TimestampCompareGreaterThanOrEqualQuery" executed="True" result="Success" success="True" time="0.055" asserts="0" />
                      <test-case name="Effort.Test.Features.TimestampFixture.TimestampCompareSmallerQuery" executed="True" result="Success" success="True" time="0.053" asserts="0" />
                      <test-case name="Effort.Test.Features.TimestampFixture.TimestampCompareSmallerThanOrEqualQuery" executed="True" result="Success" success="True" time="0.052" asserts="0" />
                      <test-case name="Effort.Test.Features.TimestampFixture.TimestampEntityMaterialize" executed="True" result="Success" success="True" time="0.047" asserts="0" />
                      <test-case name="Effort.Test.Features.TimestampFixture.TimestampInsert" executed="True" result="Success" success="True" time="0.047" asserts="1" />
                      <test-case name="Effort.Test.Features.TimestampFixture.TimestampLargeEntityMaterialize" executed="True" result="Success" success="True" time="0.423" asserts="0" />
                      <test-case name="Effort.Test.Features.TimestampFixture.TimestampQuery" executed="True" result="Success" success="True" time="0.054" asserts="0" />
                      <test-case name="Effort.Test.Features.TimestampFixture.TimestampUpdate" executed="True" result="Success" success="True" time="0.057" asserts="1" />
                    </results>
                  </test-suite>
                  <test-suite type="TestFixture" name="TimestampIndexFixture" executed="True" result="Success" success="True" time="0.059" asserts="0">
                    <results>
                      <test-case name="Effort.Test.Features.TimestampIndexFixture.TimestampIndexedDoubleInsert" executed="True" result="Success" success="True" time="0.051" asserts="2" />
                      <test-case name="Effort.Test.Features.TimestampIndexFixture.TimestampIndexedSingleInsert" executed="True" result="Success" success="True" time="0.008" asserts="1" />
                    </results>
                  </test-suite>
                  <test-suite type="TestFixture" name="TransactionFixture" executed="True" result="Success" success="True" time="0.113" asserts="0">
                    <results>
                      <test-case name="Effort.Test.Features.TransactionFixture.TransactionScopeCommit" executed="True" result="Success" success="True" time="0.086" asserts="1" />
                      <test-case name="Effort.Test.Features.TransactionFixture.TransactionScopeRollback" executed="True" result="Success" success="True" time="0.025" asserts="2" />
                    </results>
                  </test-suite>
                </results>
              </test-suite>
              <test-suite type="TestFixture" name="ResultSetFixture" executed="True" result="Success" success="True" time="0.003" asserts="0">
                <results>
                  <test-case name="Effort.Test.ResultSetFixture.SerializeResultSet" executed="True" result="Success" success="True" time="0.002" asserts="1" />
                </results>
              </test-suite>
              <test-suite type="Namespace" name="Schema" executed="True" result="Success" success="True" time="0.097" asserts="0">
                <results>
                  <test-suite type="TestFixture" name="DbSchemaFixture" executed="True" result="Success" success="True" time="0.040" asserts="0">
                    <results>
                      <test-case name="Effort.Test.Schema.DbSchemaFixture.DbSchema_CompoundKey" executed="True" result="Success" success="True" time="0.039" asserts="0" />
                    </results>
                  </test-suite>
                  <test-suite type="TestFixture" name="StorageSchemaModifierFixture" executed="True" result="Success" success="True" time="0.056" asserts="0">
                    <results>
                      <test-case name="Effort.Test.Schema.StorageSchemaModifierFixture.MetadataWorkspaceHelperRewrite" executed="True" result="Success" success="True" time="0.016" asserts="0" />
                      <test-case name="Effort.Test.Schema.StorageSchemaModifierFixture.RewriteSsdlV1" executed="True" result="Success" success="True" time="0.011" asserts="0" />
                      <test-case name="Effort.Test.Schema.StorageSchemaModifierFixture.RewriteSsdlV2" executed="True" result="Success" success="True" time="0.002" asserts="0" />
                      <test-case name="Effort.Test.Schema.StorageSchemaModifierFixture.RewriteSsdlV3" executed="True" result="Success" success="True" time="0.025" asserts="0" />
                    </results>
                  </test-suite>
                </results>
              </test-suite>
            </results>
          </test-suite>
        </results>
      </test-suite>
    </results>
  </test-suite>
</test-results>